==== Constraints on Edges ====
--Key--
0.955 k_(0,1) + 0.105 e_(0,1) >= 0.850 R_(0,1)
0.990 k_(1,2) + 0.040 e_(1,2) >= 0.950 R_(1,2)
0.990 k_(1,3) + 0.090 e_(1,3) >= 0.900 R_(1,3)
--Capacity--
R_(0,1) + 6.667 k_(0,1) + e_(0,1) <= 0.700
R_(1,2) + 20.000 k_(1,2) + e_(1,2) <= 0.800
R_(1,3) + 10.000 k_(1,3) + e_(1,3) <= 0.900
--Limit of random bits--
0.955 k_(0,1) <= 0.105 (E_0 - e_(0,1))
0.990 k_(1,2) <= 0.040 (E_1 - e_(1,2))
0.990 k_(1,3) <= 0.090 (E_1 - e_(1,3))
--Summation of e from source--
e_(0,1) = e_(0 to (0, 1))
e_(1,2) = e_(0 to (1, 2))
e_(1,3) = e_(0 to (1, 3))
--Summation of k from source--
k_(0,1) = k_(0 to (0, 1))
k_(1,2) = k_(0 to (1, 2))
k_(1,3) = k_(0 to (1, 3))
--Summation of E from source--
E_1 = E_(0 to 1)
E_2 = E_(0 to 2)
E_3 = E_(0 to 3)
--Summation of R_u from source--
R_1 = R_(0 to 1)
R_2 = R_(0 to 2)
R_3 = R_(0 to 3)
--Summation of R_e from source--
R_(0,1) = R_(0 to (0, 1))
R_(1,2) = R_(0 to (1, 2))
R_(1,3) = R_(0 to (1, 3))
==== Flow Constraints ====
--Flow in == Flow out--
f_k(0 to 1,(1, 2)) = 0
f_k(0 to 1,(1, 3)) = 0
f_k(0 to 2,(0, 1)) - f_k(0 to 2,(1, 2)) - f_k(0 to 2,(1, 3)) = 0
f_k(0 to 2,(1, 3)) = 0
f_k(0 to 3,(0, 1)) - f_k(0 to 3,(1, 2)) - f_k(0 to 3,(1, 3)) = 0
f_k(0 to 3,(1, 2)) = 0
--Flow capacity--
f_k(0 to 1,(0, 1)) <= 6.667 k_(0 to (0, 1)) + e_(0 to (0, 1))
f_k(0 to 2,(0, 1)) <= 6.667 k_(0 to (0, 1)) + e_(0 to (0, 1))
f_k(0 to 3,(0, 1)) <= 6.667 k_(0 to (0, 1)) + e_(0 to (0, 1))
f_k(0 to 1,(1, 2)) <= 20.000 k_(0 to (1, 2)) + e_(0 to (1, 2))
f_k(0 to 2,(1, 2)) <= 20.000 k_(0 to (1, 2)) + e_(0 to (1, 2))
f_k(0 to 3,(1, 2)) <= 20.000 k_(0 to (1, 2)) + e_(0 to (1, 2))
f_k(0 to 1,(1, 3)) <= 10.000 k_(0 to (1, 3)) + e_(0 to (1, 3))
f_k(0 to 2,(1, 3)) <= 10.000 k_(0 to (1, 3)) + e_(0 to (1, 3))
f_k(0 to 3,(1, 3)) <= 10.000 k_(0 to (1, 3)) + e_(0 to (1, 3))
--Limit flow--
f_k(0 to 1,(0, 1)) <= E_0
f_k(0 to 2,(0, 1)) <= E_0
f_k(0 to 3,(0, 1)) <= E_0
--Limit random bits--
E_(0 to 1) <= f_k(0 to 1,(0, 1))
E_(0 to 2) <= f_k(0 to 2,(1, 2))
E_(0 to 3) <= f_k(0 to 3,(1, 3))
--Flow_R in == Flow_R out--
f_R(0 to 2,(0, 1)) - f_R(0 to 2,(1, 2)) - f_R(0 to 2,(1, 3)) = 0
f_R(0 to 2,(1, 3)) = 0
f_R(0 to 3,(0, 1)) - f_R(0 to 3,(1, 2)) - f_R(0 to 3,(1, 3)) = 0
f_R(0 to 3,(1, 2)) = 0
--Flow_R capacity--
f_R(0 to 2,(0, 1)) + f_R(0 to 3,(0, 1)) <= R_(0 to (0, 1))
f_R(0 to 2,(1, 2)) + f_R(0 to 3,(1, 2)) <= R_(0 to (1, 2))
f_R(0 to 2,(1, 3)) + f_R(0 to 3,(1, 3)) <= R_(0 to (1, 3))
--Limit flow_R--
f_R(0 to 2,(0, 1)) + f_R(0 to 3,(0, 1)) <= R_0
--Limit messages--
R_(0 to 2) <= f_R(0 to 2,(1, 2)) + f_R(0 to 3,(1, 2))
R_(0 to 3) <= f_R(0 to 2,(1, 3)) + f_R(0 to 3,(1, 3))
55
opt_solution = 0.049411764705882356
R_0 = 0.049411764705882356
R_1 = 0.0
R_2 = 0.014640522875816993
R_3 = 0.034771241830065365
R_(0,1) = 0.049411764705882356
R_(1,2) = 0.014640522875816993
R_(1,3) = 0.03477124183006536
R_(0 to 1) = 0.0
R_(0 to 2) = 0.014640522875816993
R_(0 to 3) = 0.034771241830065365
R_(0 to (0, 1)) = 0.049411764705882356
R_(0 to (1, 2)) = 0.014640522875816993
R_(0 to (1, 3)) = 0.03477124183006536
E_0 = 0.4
E_1 = 0.3477124183006535
E_2 = 0.0
E_3 = 0.0
E_(0 to 1) = 0.3477124183006535
E_(0 to 2) = 0.0
E_(0 to 3) = 0.0
k_(0,1) = 0.021530180699730932
k_(1,2) = 0.014048986598006206
k_(1,3) = 0.03161021984551395
k_(0 to (0, 1)) = 0.021530180699730932
k_(0 to (1, 2)) = 0.014048986598006206
k_(0 to (1, 3)) = 0.03161021984551395
e_(0,1) = 0.20417788030244735
e_(1,2) = 0.0
e_(1,3) = 0.0
e_(0 to (0, 1)) = 0.20417788030244735
e_(0 to (1, 2)) = 0.0
e_(0 to (1, 3)) = 0.0
f_k(0 to 1,(0, 1)) = 0.3477124183006535
f_k(0 to 1,(1, 2)) = 0.0
f_k(0 to 1,(1, 3)) = 0.0
f_k(0 to 2,(0, 1)) = 0.0
f_k(0 to 2,(1, 2)) = 0.0
f_k(0 to 2,(1, 3)) = 0.0
f_k(0 to 3,(0, 1)) = 0.0
f_k(0 to 3,(1, 2)) = 0.0
f_k(0 to 3,(1, 3)) = 0.0
f_R(0 to 2,(0, 1)) = 0.014640522875816993
f_R(0 to 2,(1, 2)) = 0.014640522875816993
f_R(0 to 2,(1, 3)) = 0.0
f_R(0 to 3,(0, 1)) = 0.034771241830065365
f_R(0 to 3,(1, 2)) = 0.0
f_R(0 to 3,(1, 3)) = 0.034771241830065365
