==== Constraints on Edges ====
--Key--
0.990 k_(0,1) + 0.040 e_(0,1) >= 0.950 R_(0,1)
0.985 k_(2,1) + 0.035 e_(2,1) >= 0.950 R_(2,1)
0.988 k_(1,3) + 0.038 e_(1,3) >= 0.950 R_(1,3)
--Capacity--
R_(0,1) + 20.000 k_(0,1) + e_(0,1) <= 0.800
R_(2,1) + 20.000 k_(2,1) + e_(2,1) <= 0.700
R_(1,3) + 20.000 k_(1,3) + e_(1,3) <= 0.750
--Limit of random bits--
0.990 k_(0,1) <= 0.040 (E_0 - e_(0,1))
0.985 k_(2,1) <= 0.035 (E_2 - e_(2,1))
0.988 k_(1,3) <= 0.038 (E_1 - e_(1,3))
--Summation of e from source--
e_(0,1) = e_(0 to (0, 1)) + e_(2 to (0, 1))
e_(2,1) = e_(0 to (2, 1)) + e_(2 to (2, 1))
e_(1,3) = e_(0 to (1, 3)) + e_(2 to (1, 3))
--Summation of k from source--
k_(0,1) = k_(0 to (0, 1)) + k_(2 to (0, 1))
k_(2,1) = k_(0 to (2, 1)) + k_(2 to (2, 1))
k_(1,3) = k_(0 to (1, 3)) + k_(2 to (1, 3))
--Summation of E from source--
E_1 = E_(0 to 1) + E_(2 to 1)
E_3 = E_(0 to 3) + E_(2 to 3)
--Summation of R_u from source--
R_1 = R_(0 to 1) + R_(2 to 1)
R_3 = R_(0 to 3) + R_(2 to 3)
--Summation of R_e from source--
R_(0,1) = R_(0 to (0, 1)) + R_(2 to (0, 1))
R_(2,1) = R_(0 to (2, 1)) + R_(2 to (2, 1))
R_(1,3) = R_(0 to (1, 3)) + R_(2 to (1, 3))
==== Flow Constraints ====
--Flow in == Flow out--
 - f_k(0 to 1,(2, 1)) = 0
f_k(0 to 1,(1, 3)) = 0
f_k(0 to 3,(0, 1)) + f_k(0 to 3,(2, 1)) - f_k(0 to 3,(1, 3)) = 0
 - f_k(0 to 3,(2, 1)) = 0
 - f_k(2 to 1,(0, 1)) = 0
f_k(2 to 1,(1, 3)) = 0
 - f_k(2 to 3,(0, 1)) = 0
f_k(2 to 3,(0, 1)) + f_k(2 to 3,(2, 1)) - f_k(2 to 3,(1, 3)) = 0
--Flow capacity--
f_k(0 to 1,(0, 1)) <= 20.000 k_(0 to (0, 1)) + e_(0 to (0, 1))
f_k(0 to 3,(0, 1)) <= 20.000 k_(0 to (0, 1)) + e_(0 to (0, 1))
f_k(0 to 1,(2, 1)) <= 20.000 k_(0 to (2, 1)) + e_(0 to (2, 1))
f_k(0 to 3,(2, 1)) <= 20.000 k_(0 to (2, 1)) + e_(0 to (2, 1))
f_k(0 to 1,(1, 3)) <= 20.000 k_(0 to (1, 3)) + e_(0 to (1, 3))
f_k(0 to 3,(1, 3)) <= 20.000 k_(0 to (1, 3)) + e_(0 to (1, 3))
f_k(2 to 1,(0, 1)) <= 20.000 k_(2 to (0, 1)) + e_(2 to (0, 1))
f_k(2 to 3,(0, 1)) <= 20.000 k_(2 to (0, 1)) + e_(2 to (0, 1))
f_k(2 to 1,(2, 1)) <= 20.000 k_(2 to (2, 1)) + e_(2 to (2, 1))
f_k(2 to 3,(2, 1)) <= 20.000 k_(2 to (2, 1)) + e_(2 to (2, 1))
f_k(2 to 1,(1, 3)) <= 20.000 k_(2 to (1, 3)) + e_(2 to (1, 3))
f_k(2 to 3,(1, 3)) <= 20.000 k_(2 to (1, 3)) + e_(2 to (1, 3))
--Limit flow--
f_k(0 to 1,(0, 1)) <= E_0
f_k(0 to 3,(0, 1)) <= E_0
f_k(2 to 1,(2, 1)) <= E_2
f_k(2 to 3,(2, 1)) <= E_2
--Limit random bits--
E_(0 to 1) <= f_k(0 to 1,(0, 1)) + f_k(0 to 1,(2, 1))
E_(2 to 1) <= f_k(2 to 1,(0, 1)) + f_k(2 to 1,(2, 1))
E_(0 to 3) <= f_k(0 to 3,(1, 3))
E_(2 to 3) <= f_k(2 to 3,(1, 3))
--Flow_R in == Flow_R out--
f_R(0 to 3,(0, 1)) + f_R(0 to 3,(2, 1)) - f_R(0 to 3,(1, 3)) = 0
 - f_R(0 to 3,(2, 1)) = 0
 - f_R(2 to 3,(0, 1)) = 0
f_R(2 to 3,(0, 1)) + f_R(2 to 3,(2, 1)) - f_R(2 to 3,(1, 3)) = 0
--Flow_R capacity--
f_R(0 to 3,(0, 1)) <= R_(0 to (0, 1))
f_R(0 to 3,(2, 1)) <= R_(0 to (2, 1))
f_R(0 to 3,(1, 3)) <= R_(0 to (1, 3))
f_R(2 to 3,(0, 1)) <= R_(2 to (0, 1))
f_R(2 to 3,(2, 1)) <= R_(2 to (2, 1))
f_R(2 to 3,(1, 3)) <= R_(2 to (1, 3))
--Limit flow_R--
f_R(0 to 3,(0, 1)) <= R_0
f_R(2 to 3,(2, 1)) <= R_2
--Limit messages--
R_(0 to 3) <= f_R(0 to 3,(1, 3))
R_(2 to 3) <= f_R(2 to 3,(1, 3))
64
opt_solution = 0.03705440900562851
R_0 = 0.011142064800601379
R_1 = 0.0
R_2 = 0.02591234420502713
R_3 = 0.03705440900562851
R_(0,1) = 0.011142064800601377
R_(2,1) = 0.02591234420502713
R_(1,3) = 0.03705440900562851
R_(0 to 1) = 0.0
R_(2 to 1) = 0.0
R_(0 to 3) = 0.011142064800601379
R_(2 to 3) = 0.02591234420502713
R_(0 to (0, 1)) = 0.011142064800601377
R_(2 to (0, 1)) = 0.0
R_(0 to (2, 1)) = 0.0
R_(2 to (2, 1)) = 0.02591234420502713
R_(0 to (1, 3)) = 0.011142064800601377
R_(2 to (1, 3)) = 0.02591234420502713
E_0 = 0.26462403901428266
E_1 = 0.9387116948092553
E_2 = 0.948537629940069
E_3 = 0.0
E_(0 to 1) = 0.26462403901428266
E_(2 to 1) = 0.6740876557949727
E_(0 to 3) = 0.0
E_(2 to 3) = 0.0
k_(0,1) = 0.0
k_(2,1) = 0.03370438278974864
k_(1,3) = 0.035647279549718566
k_(0 to (0, 1)) = 0.0
k_(2 to (0, 1)) = 0.0
k_(0 to (2, 1)) = 0.0
k_(2 to (2, 1)) = 0.03370438278974864
k_(0 to (1, 3)) = 0.035647279549718566
k_(2 to (1, 3)) = 0.0
e_(0,1) = 0.26462403901428266
e_(2,1) = 0.0
e_(1,3) = 0.0
e_(0 to (0, 1)) = 0.26462403901428266
e_(2 to (0, 1)) = 0.0
e_(0 to (2, 1)) = 0.0
e_(2 to (2, 1)) = 0.0
e_(0 to (1, 3)) = 0.0
e_(2 to (1, 3)) = 0.0
f_k(0 to 1,(0, 1)) = 0.26462403901428266
f_k(0 to 1,(2, 1)) = -0.0
f_k(0 to 1,(1, 3)) = 0.0
f_k(0 to 3,(0, 1)) = 0.0
f_k(0 to 3,(2, 1)) = -0.0
f_k(0 to 3,(1, 3)) = 0.0
f_k(2 to 1,(0, 1)) = -0.0
f_k(2 to 1,(2, 1)) = 0.6740876557949728
f_k(2 to 1,(1, 3)) = 0.0
f_k(2 to 3,(0, 1)) = -0.0
f_k(2 to 3,(2, 1)) = 0.0
f_k(2 to 3,(1, 3)) = 0.0
f_R(0 to 3,(0, 1)) = 0.011142064800601379
f_R(0 to 3,(2, 1)) = -0.0
f_R(0 to 3,(1, 3)) = 0.011142064800601379
f_R(2 to 3,(0, 1)) = -0.0
f_R(2 to 3,(2, 1)) = 0.02591234420502713
f_R(2 to 3,(1, 3)) = 0.02591234420502713
